2026.06.02 23:41:26 INFO  Started: Metals version 0.9.8 in workspace '/home/kali/bigdata_final' for client vscode.
2026.06.02 23:41:27 INFO  time: initialize in 0.27s
2026.06.02 23:41:27 WARN  Build server is not auto-connectable.
2026.06.02 23:41:27 WARN  no build tool detected in workspace '/home/kali/bigdata_final'. The most common cause for this problem is that the editor was opened in the wrong working directory, for example if you use sbt then the workspace directory should contain build.sbt. 
2026.06.02 23:41:27 WARN  no build target for: /home/kali/bigdata_final/final-2/src/main/scala/com/example/TextClassification.scala
2026.06.02 23:41:29 INFO  no build target: using presentation compiler with only scala-library
2026.06.03 00:18:13 WARN  no build tool detected in workspace '/home/kali/bigdata_final'. The most common cause for this problem is that the editor was opened in the wrong working directory, for example if you use sbt then the workspace directory should contain build.sbt. 
2026.06.03 00:22:00 WARN  no build tool detected in workspace '/home/kali/bigdata_final'. The most common cause for this problem is that the editor was opened in the wrong working directory, for example if you use sbt then the workspace directory should contain build.sbt. 
2026.06.03 00:22:00 WARN  no build tool detected in workspace '/home/kali/bigdata_final'. The most common cause for this problem is that the editor was opened in the wrong working directory, for example if you use sbt then the workspace directory should contain build.sbt. 
2026.06.03 00:22:00 WARN  no build tool detected in workspace '/home/kali/bigdata_final'. The most common cause for this problem is that the editor was opened in the wrong working directory, for example if you use sbt then the workspace directory should contain build.sbt. 
2026.06.03 00:22:00 WARN  no build tool detected in workspace '/home/kali/bigdata_final'. The most common cause for this problem is that the editor was opened in the wrong working directory, for example if you use sbt then the workspace directory should contain build.sbt. 
2026.06.03 00:22:00 WARN  no build tool detected in workspace '/home/kali/bigdata_final'. The most common cause for this problem is that the editor was opened in the wrong working directory, for example if you use sbt then the workspace directory should contain build.sbt. 
2026.06.03 00:22:00 WARN  no build tool detected in workspace '/home/kali/bigdata_final'. The most common cause for this problem is that the editor was opened in the wrong working directory, for example if you use sbt then the workspace directory should contain build.sbt. 
2026.06.03 00:22:00 WARN  no build tool detected in workspace '/home/kali/bigdata_final'. The most common cause for this problem is that the editor was opened in the wrong working directory, for example if you use sbt then the workspace directory should contain build.sbt. 
2026.06.03 00:22:00 WARN  no build tool detected in workspace '/home/kali/bigdata_final'. The most common cause for this problem is that the editor was opened in the wrong working directory, for example if you use sbt then the workspace directory should contain build.sbt. 
2026.06.03 00:22:00 WARN  no build tool detected in workspace '/home/kali/bigdata_final'. The most common cause for this problem is that the editor was opened in the wrong working directory, for example if you use sbt then the workspace directory should contain build.sbt. 
2026.06.03 00:22:00 WARN  no build tool detected in workspace '/home/kali/bigdata_final'. The most common cause for this problem is that the editor was opened in the wrong working directory, for example if you use sbt then the workspace directory should contain build.sbt. 
Jun 03, 2026 12:22:00 AM org.eclipse.lsp4j.jsonrpc.RemoteEndpoint handleCancellation
WARNING: Unmatched cancel notification for request id 116
2026.06.03 00:22:00 WARN  no build tool detected in workspace '/home/kali/bigdata_final'. The most common cause for this problem is that the editor was opened in the wrong working directory, for example if you use sbt then the workspace directory should contain build.sbt. 
Exception in thread "pool-3-thread-1" java.lang.Error: java.lang.InterruptedException
	at java.util.concurrent.ThreadPoolExecutor.runWorker(ThreadPoolExecutor.java:1155)
	at java.util.concurrent.ThreadPoolExecutor$Worker.run(ThreadPoolExecutor.java:624)
	at java.lang.Thread.run(Thread.java:750)
Caused by: java.lang.InterruptedException
	at scala.meta.internal.metals.FutureCancelToken.checkCanceled(FutureCancelToken.scala:29)
	at scala.meta.internal.pc.CompilerAccess.$anonfun$onCompilerJobQueue$1(CompilerAccess.scala:195)
	at scala.meta.internal.pc.CompilerJobQueue$Job.run(CompilerJobQueue.scala:103)
	at java.util.concurrent.ThreadPoolExecutor.runWorker(ThreadPoolExecutor.java:1149)
	... 2 more
2026.06.03 00:22:18 WARN  no build tool detected in workspace '/home/kali/bigdata_final'. The most common cause for this problem is that the editor was opened in the wrong working directory, for example if you use sbt then the workspace directory should contain build.sbt. 
Jun 03, 2026 12:37:25 AM org.eclipse.lsp4j.jsonrpc.RemoteEndpoint handleCancellation
WARNING: Unmatched cancel notification for request id 217
Exception in thread "pool-3-thread-2" java.lang.Error: java.lang.InterruptedException
	at java.util.concurrent.ThreadPoolExecutor.runWorker(ThreadPoolExecutor.java:1155)
	at java.util.concurrent.ThreadPoolExecutor$Worker.run(ThreadPoolExecutor.java:624)
	at java.lang.Thread.run(Thread.java:750)
Caused by: java.lang.InterruptedException
	at scala.meta.internal.metals.FutureCancelToken.checkCanceled(FutureCancelToken.scala:29)
	at scala.meta.internal.pc.CompilerAccess.$anonfun$onCompilerJobQueue$1(CompilerAccess.scala:195)
	at scala.meta.internal.pc.CompilerJobQueue$Job.run(CompilerJobQueue.scala:103)
	at java.util.concurrent.ThreadPoolExecutor.runWorker(ThreadPoolExecutor.java:1149)
	... 2 more
2026.06.03 02:20:02 WARN  no build tool detected in workspace '/home/kali/bigdata_final'. The most common cause for this problem is that the editor was opened in the wrong working directory, for example if you use sbt then the workspace directory should contain build.sbt. 
2026.06.03 02:20:02 WARN  no build tool detected in workspace '/home/kali/bigdata_final'. The most common cause for this problem is that the editor was opened in the wrong working directory, for example if you use sbt then the workspace directory should contain build.sbt. 
2026.06.03 02:20:02 WARN  no build tool detected in workspace '/home/kali/bigdata_final'. The most common cause for this problem is that the editor was opened in the wrong working directory, for example if you use sbt then the workspace directory should contain build.sbt. 
2026.06.03 02:20:02 WARN  no build tool detected in workspace '/home/kali/bigdata_final'. The most common cause for this problem is that the editor was opened in the wrong working directory, for example if you use sbt then the workspace directory should contain build.sbt. 
2026.06.03 02:20:02 WARN  no build tool detected in workspace '/home/kali/bigdata_final'. The most common cause for this problem is that the editor was opened in the wrong working directory, for example if you use sbt then the workspace directory should contain build.sbt. 
2026.06.03 02:20:02 WARN  no build tool detected in workspace '/home/kali/bigdata_final'. The most common cause for this problem is that the editor was opened in the wrong working directory, for example if you use sbt then the workspace directory should contain build.sbt. 
2026.06.03 02:22:57 WARN  no build target for: /home/kali/bigdata_final/final-2/src/main/scala/com/example/TextClassification.scala
2026.06.03 02:23:03 WARN  no build target for: /home/kali/bigdata_final/final-2/src/main/scala/com/example/TextClassification.scala
2026.06.03 02:23:06 WARN  no build tool detected in workspace '/home/kali/bigdata_final'. The most common cause for this problem is that the editor was opened in the wrong working directory, for example if you use sbt then the workspace directory should contain build.sbt. 
2026.06.03 02:23:06 WARN  no build tool detected in workspace '/home/kali/bigdata_final'. The most common cause for this problem is that the editor was opened in the wrong working directory, for example if you use sbt then the workspace directory should contain build.sbt. 
2026.06.03 02:23:06 WARN  no build tool detected in workspace '/home/kali/bigdata_final'. The most common cause for this problem is that the editor was opened in the wrong working directory, for example if you use sbt then the workspace directory should contain build.sbt. 
2026.06.03 02:23:06 WARN  no build tool detected in workspace '/home/kali/bigdata_final'. The most common cause for this problem is that the editor was opened in the wrong working directory, for example if you use sbt then the workspace directory should contain build.sbt. 
2026.06.03 02:24:39 WARN  no build tool detected in workspace '/home/kali/bigdata_final'. The most common cause for this problem is that the editor was opened in the wrong working directory, for example if you use sbt then the workspace directory should contain build.sbt. 
2026.06.03 02:24:39 WARN  no build tool detected in workspace '/home/kali/bigdata_final'. The most common cause for this problem is that the editor was opened in the wrong working directory, for example if you use sbt then the workspace directory should contain build.sbt. 
2026.06.03 02:34:17 WARN  no build tool detected in workspace '/home/kali/bigdata_final'. The most common cause for this problem is that the editor was opened in the wrong working directory, for example if you use sbt then the workspace directory should contain build.sbt. 
2026.06.03 02:34:17 WARN  no build tool detected in workspace '/home/kali/bigdata_final'. The most common cause for this problem is that the editor was opened in the wrong working directory, for example if you use sbt then the workspace directory should contain build.sbt. 
2026.06.03 02:34:17 WARN  no build tool detected in workspace '/home/kali/bigdata_final'. The most common cause for this problem is that the editor was opened in the wrong working directory, for example if you use sbt then the workspace directory should contain build.sbt. 
2026.06.03 02:34:17 WARN  no build tool detected in workspace '/home/kali/bigdata_final'. The most common cause for this problem is that the editor was opened in the wrong working directory, for example if you use sbt then the workspace directory should contain build.sbt. 
2026.06.03 02:34:17 WARN  no build tool detected in workspace '/home/kali/bigdata_final'. The most common cause for this problem is that the editor was opened in the wrong working directory, for example if you use sbt then the workspace directory should contain build.sbt. 
Jun 03, 2026 2:36:08 AM org.eclipse.lsp4j.jsonrpc.RemoteEndpoint handleCancellation
WARNING: Unmatched cancel notification for request id 535
2026.06.03 02:36:34 WARN  no build target for: /home/kali/bigdata_final/final-2/src/main/scala/com/example/TextClassification.scala
2026.06.03 02:36:35 WARN  no build target for: /home/kali/bigdata_final/final-2/src/main/scala/com/example/TextClassification.scala
2026.06.03 02:36:38 WARN  no build target for: /home/kali/bigdata_final/final-2/src/main/scala/com/example/TextClassification.scala
2026.06.03 02:36:56 WARN  no build target for: /home/kali/bigdata_final/final-2/src/main/scala/com/example/TextClassification.scala
2026.06.03 02:46:08 WARN  no build tool detected in workspace '/home/kali/bigdata_final'. The most common cause for this problem is that the editor was opened in the wrong working directory, for example if you use sbt then the workspace directory should contain build.sbt. 
2026.06.03 02:46:08 WARN  no build tool detected in workspace '/home/kali/bigdata_final'. The most common cause for this problem is that the editor was opened in the wrong working directory, for example if you use sbt then the workspace directory should contain build.sbt. 
2026.06.03 02:46:08 WARN  no build tool detected in workspace '/home/kali/bigdata_final'. The most common cause for this problem is that the editor was opened in the wrong working directory, for example if you use sbt then the workspace directory should contain build.sbt. 
2026.06.03 02:46:08 WARN  no build tool detected in workspace '/home/kali/bigdata_final'. The most common cause for this problem is that the editor was opened in the wrong working directory, for example if you use sbt then the workspace directory should contain build.sbt. 
2026.06.03 02:46:35 WARN  no build target for: /home/kali/bigdata_final/final-3/src/main/scala/com/example/SearchEngine.scala
Jun 03, 2026 2:59:53 AM org.eclipse.lsp4j.jsonrpc.RemoteEndpoint handleCancellation
WARNING: Unmatched cancel notification for request id 868
2026.06.03 03:02:28 WARN  no build tool detected in workspace '/home/kali/bigdata_final'. The most common cause for this problem is that the editor was opened in the wrong working directory, for example if you use sbt then the workspace directory should contain build.sbt. 
Jun 03, 2026 3:18:01 AM org.eclipse.lsp4j.jsonrpc.RemoteEndpoint handleCancellation
WARNING: Unmatched cancel notification for request id 1269
2026.06.03 03:19:02 WARN  no build tool detected in workspace '/home/kali/bigdata_final'. The most common cause for this problem is that the editor was opened in the wrong working directory, for example if you use sbt then the workspace directory should contain build.sbt. 
2026.06.03 03:19:02 WARN  no build tool detected in workspace '/home/kali/bigdata_final'. The most common cause for this problem is that the editor was opened in the wrong working directory, for example if you use sbt then the workspace directory should contain build.sbt. 
Jun 03, 2026 3:28:06 AM org.eclipse.lsp4j.jsonrpc.RemoteEndpoint handleCancellation
WARNING: Unmatched cancel notification for request id 1536
2026.06.03 03:28:08 WARN  no build target for: /home/kali/bigdata_final/final-3/src/main/scala/com/example/SearchEngine.scala
2026.06.03 03:28:11 WARN  no build target for: /home/kali/bigdata_final/final-3/src/main/scala/com/example/SearchEngine.scala
2026.06.03 03:28:15 WARN  no build target for: /home/kali/bigdata_final/final-3/src/main/scala/com/example/SearchEngine.scala
2026.06.03 03:28:17 WARN  no build target for: /home/kali/bigdata_final/final-3/src/main/scala/com/example/SearchEngine.scala
2026.06.03 03:28:26 WARN  no build target for: /home/kali/bigdata_final/final-3/src/main/scala/com/example/SearchEngine.scala
2026.06.03 03:28:28 WARN  no build target for: /home/kali/bigdata_final/final-3/src/main/scala/com/example/SearchEngine.scala
2026.06.03 03:28:34 WARN  no build target for: /home/kali/bigdata_final/final-3/src/main/scala/com/example/SearchEngine.scala
2026.06.03 03:28:37 WARN  no build target for: /home/kali/bigdata_final/final-3/src/main/scala/com/example/SearchEngine.scala
2026.06.03 03:28:37 WARN  no build target for: /home/kali/bigdata_final/final-3/src/main/scala/com/example/SearchEngine.scala
2026.06.03 03:28:37 WARN  no build target for: /home/kali/bigdata_final/final-3/src/main/scala/com/example/SearchEngine.scala
2026.06.03 03:30:11 WARN  no build target for: /home/kali/bigdata_final/final-3/src/main/scala/com/example/SearchEngine.scala
2026.06.03 03:30:14 WARN  no build target for: /home/kali/bigdata_final/final-3/src/main/scala/com/example/SearchEngine.scala
2026.06.03 03:31:23 WARN  no build target for: /home/kali/bigdata_final/final-3/src/main/scala/com/example/SearchEngine.scala
2026.06.03 03:31:28 WARN  no build target for: /home/kali/bigdata_final/final-3/src/main/scala/com/example/SearchEngine.scala
2026.06.03 03:31:42 WARN  no build target for: /home/kali/bigdata_final/final-3/src/main/scala/com/example/SearchEngine.scala
Jun 03, 2026 3:31:42 AM org.eclipse.lsp4j.jsonrpc.RemoteEndpoint handleCancellation
WARNING: Unmatched cancel notification for request id 1860
2026.06.03 03:31:44 WARN  no build target for: /home/kali/bigdata_final/final-3/src/main/scala/com/example/SearchEngine.scala
2026.06.03 03:31:51 WARN  no build target for: /home/kali/bigdata_final/final-3/src/main/scala/com/example/SearchEngine.scala
2026.06.03 03:32:17 WARN  no build target for: /home/kali/bigdata_final/final-3/src/main/scala/com/example/SearchEngine.scala
2026.06.03 03:32:21 WARN  no build target for: /home/kali/bigdata_final/final-3/src/main/scala/com/example/SearchEngine.scala
2026.06.03 03:33:27 WARN  no build tool detected in workspace '/home/kali/bigdata_final'. The most common cause for this problem is that the editor was opened in the wrong working directory, for example if you use sbt then the workspace directory should contain build.sbt. 
2026.06.03 03:33:27 WARN  no build tool detected in workspace '/home/kali/bigdata_final'. The most common cause for this problem is that the editor was opened in the wrong working directory, for example if you use sbt then the workspace directory should contain build.sbt. 
2026.06.03 03:33:27 WARN  no build tool detected in workspace '/home/kali/bigdata_final'. The most common cause for this problem is that the editor was opened in the wrong working directory, for example if you use sbt then the workspace directory should contain build.sbt. 
2026.06.03 03:33:27 WARN  no build tool detected in workspace '/home/kali/bigdata_final'. The most common cause for this problem is that the editor was opened in the wrong working directory, for example if you use sbt then the workspace directory should contain build.sbt. 
2026.06.03 03:33:27 WARN  no build tool detected in workspace '/home/kali/bigdata_final'. The most common cause for this problem is that the editor was opened in the wrong working directory, for example if you use sbt then the workspace directory should contain build.sbt. 
2026.06.03 03:33:27 WARN  no build tool detected in workspace '/home/kali/bigdata_final'. The most common cause for this problem is that the editor was opened in the wrong working directory, for example if you use sbt then the workspace directory should contain build.sbt. 
2026.06.03 03:33:27 WARN  no build tool detected in workspace '/home/kali/bigdata_final'. The most common cause for this problem is that the editor was opened in the wrong working directory, for example if you use sbt then the workspace directory should contain build.sbt. 
2026.06.03 03:33:27 WARN  no build tool detected in workspace '/home/kali/bigdata_final'. The most common cause for this problem is that the editor was opened in the wrong working directory, for example if you use sbt then the workspace directory should contain build.sbt. 
2026.06.03 03:38:36 WARN  no build tool detected in workspace '/home/kali/bigdata_final'. The most common cause for this problem is that the editor was opened in the wrong working directory, for example if you use sbt then the workspace directory should contain build.sbt. 
2026.06.03 03:38:36 WARN  no build tool detected in workspace '/home/kali/bigdata_final'. The most common cause for this problem is that the editor was opened in the wrong working directory, for example if you use sbt then the workspace directory should contain build.sbt. 
2026.06.03 03:38:36 WARN  no build tool detected in workspace '/home/kali/bigdata_final'. The most common cause for this problem is that the editor was opened in the wrong working directory, for example if you use sbt then the workspace directory should contain build.sbt. 
2026.06.03 03:38:36 WARN  no build tool detected in workspace '/home/kali/bigdata_final'. The most common cause for this problem is that the editor was opened in the wrong working directory, for example if you use sbt then the workspace directory should contain build.sbt. 
2026.06.03 03:38:36 WARN  no build tool detected in workspace '/home/kali/bigdata_final'. The most common cause for this problem is that the editor was opened in the wrong working directory, for example if you use sbt then the workspace directory should contain build.sbt. 
Jun 03, 2026 3:40:18 AM org.eclipse.lsp4j.jsonrpc.RemoteEndpoint handleCancellation
WARNING: Unmatched cancel notification for request id 2042
Jun 03, 2026 3:40:18 AM org.eclipse.lsp4j.jsonrpc.RemoteEndpoint handleCancellation
WARNING: Unmatched cancel notification for request id 2040
2026.06.03 03:40:26 WARN  no build target for: /home/kali/bigdata_final/final-3/src/main/scala/com/example/SearchEngine.scala
2026.06.03 03:40:29 WARN  no build target for: /home/kali/bigdata_final/final-3/src/main/scala/com/example/SearchEngine.scala
Jun 03, 2026 3:40:33 AM org.eclipse.lsp4j.jsonrpc.RemoteEndpoint handleCancellation
WARNING: Unmatched cancel notification for request id 2122
2026.06.03 03:40:39 WARN  no build target for: /home/kali/bigdata_final/final-3/src/main/scala/com/example/SearchEngine.scala
2026.06.03 03:40:47 WARN  no build target for: /home/kali/bigdata_final/final-3/src/main/scala/com/example/SearchEngine.scala
2026.06.03 03:40:50 WARN  no build target for: /home/kali/bigdata_final/final-3/src/main/scala/com/example/SearchEngine.scala
2026.06.03 03:40:58 WARN  no build target for: /home/kali/bigdata_final/final-3/src/main/scala/com/example/SearchEngine.scala
2026.06.03 03:41:51 WARN  no build target for: /home/kali/bigdata_final/final-3/src/main/scala/com/example/SearchEngine.scala
2026.06.03 03:41:55 WARN  no build target for: /home/kali/bigdata_final/final-3/src/main/scala/com/example/SearchEngine.scala
2026.06.03 03:42:05 WARN  no build target for: /home/kali/bigdata_final/final-3/src/main/scala/com/example/SearchEngine.scala
Jun 03, 2026 3:42:15 AM org.eclipse.lsp4j.jsonrpc.RemoteEndpoint handleCancellation
WARNING: Unmatched cancel notification for request id 2416
2026.06.03 03:42:18 WARN  no build target for: /home/kali/bigdata_final/final-3/src/main/scala/com/example/SearchEngine.scala
2026.06.03 03:42:25 WARN  no build target for: /home/kali/bigdata_final/final-3/src/main/scala/com/example/SearchEngine.scala
Jun 03, 2026 3:42:35 AM org.eclipse.lsp4j.jsonrpc.RemoteEndpoint handleCancellation
WARNING: Unmatched cancel notification for request id 2471
2026.06.03 03:42:38 WARN  no build target for: /home/kali/bigdata_final/final-3/src/main/scala/com/example/SearchEngine.scala
Jun 03, 2026 3:42:41 AM org.eclipse.lsp4j.jsonrpc.RemoteEndpoint handleCancellation
WARNING: Unmatched cancel notification for request id 2486
2026.06.03 03:42:43 WARN  no build target for: /home/kali/bigdata_final/final-3/src/main/scala/com/example/SearchEngine.scala
2026.06.03 03:42:45 WARN  no build target for: /home/kali/bigdata_final/final-3/src/main/scala/com/example/SearchEngine.scala
2026.06.03 03:42:50 WARN  no build target for: /home/kali/bigdata_final/final-3/src/main/scala/com/example/SearchEngine.scala
Jun 03, 2026 3:42:52 AM org.eclipse.lsp4j.jsonrpc.RemoteEndpoint handleCancellation
WARNING: Unmatched cancel notification for request id 2515
2026.06.03 03:43:47 WARN  no build target for: /home/kali/bigdata_final/final-3/src/main/scala/com/example/SearchEngine.scala
2026.06.03 03:52:50 WARN  no build tool detected in workspace '/home/kali/bigdata_final'. The most common cause for this problem is that the editor was opened in the wrong working directory, for example if you use sbt then the workspace directory should contain build.sbt. 
2026.06.03 04:06:39 WARN  no build target for: /home/kali/bigdata_final/final-2/src/main/scala/com/example/TextClassification.scala
2026.06.03 04:10:22 WARN  no build tool detected in workspace '/home/kali/bigdata_final'. The most common cause for this problem is that the editor was opened in the wrong working directory, for example if you use sbt then the workspace directory should contain build.sbt. 
